<?xml version="1.0" encoding="UTF-8"?>
<!-- Generated by org.testng.reporters.JUnitXMLReporter -->
<testsuite hostname="Admin" name="Run on CHROME" tests="6" failures="0" timestamp="12 Dec 2020 08:51:55 GMT" time="150.613" errors="0">
  <testcase name="TC_01_AddToWishlist" time="7.034" classname="com.nopcommerce.others.Others_03_WishlistAndCompare"/>
  <testcase name="TC_02_AddProductToCartFromWishlistPage" time="14.332" classname="com.nopcommerce.others.Others_03_WishlistAndCompare"/>
  <testcase name="TC_03_RemoveProductInWishlistPage" time="15.607" classname="com.nopcommerce.others.Others_03_WishlistAndCompare"/>
  <testcase name="TC_04_AddProductToCompareAndClearList" time="24.793" classname="com.nopcommerce.others.Others_03_WishlistAndCompare"/>
  <testcase name="TC_05_RecentlyViewedProducts" time="29.839" classname="com.nopcommerce.others.Others_03_WishlistAndCompare"/>
  <testcase name="TC_06_AddProductToCompareAndRemove" time="39.927" classname="com.nopcommerce.others.Others_03_WishlistAndCompare"/>
</testsuite> <!-- Run on CHROME -->
