<?xml version="1.0" encoding="UTF-8"?>
<!-- Generated by org.testng.reporters.JUnitXMLReporter -->
<testsuite hostname="Admin" name="Default test" tests="6" failures="0" timestamp="12 Dec 2020 09:00:18 GMT" time="13.414" errors="0">
  <testcase name="@BeforeClass beforeClass" time="0.0" classname="com.nopcommerce.others.Others_03_WishlistAndCompare">
    <failure type="java.lang.IllegalArgumentException" message="Keys to send should be a not null CharSequence">
      <![CDATA[java.lang.IllegalArgumentException: Keys to send should be a not null CharSequence
	at org.openqa.selenium.remote.RemoteWebElement.sendKeys(RemoteWebElement.java:97)
	at commons.AbstractPage.sendKeyToElement(AbstractPage.java:111)
	at pageObjects.nopcommerce.LoginPageObject.inputToEmailTextbox(LoginPageObject.java:16)
	at com.nopcommerce.others.Others_03_WishlistAndCompare.beforeClass(Others_03_WishlistAndCompare.java:49)
	at sun.reflect.NativeMethodAccessorImpl.invoke0(Native Method)
	at sun.reflect.NativeMethodAccessorImpl.invoke(NativeMethodAccessorImpl.java:62)
	at sun.reflect.DelegatingMethodAccessorImpl.invoke(DelegatingMethodAccessorImpl.java:43)
	at java.lang.reflect.Method.invoke(Method.java:498)
	at org.testng.internal.MethodInvocationHelper.invokeMethod(MethodInvocationHelper.java:86)
	at org.testng.internal.Invoker.invokeConfigurationMethod(Invoker.java:514)
	at org.testng.internal.Invoker.invokeConfigurations(Invoker.java:215)
	at org.testng.internal.Invoker.invokeConfigurations(Invoker.java:142)
	at org.testng.internal.TestMethodWorker.invokeBeforeClassMethods(TestMethodWorker.java:178)
	at org.testng.internal.TestMethodWorker.run(TestMethodWorker.java:108)
	at org.testng.TestRunner.privateRun(TestRunner.java:782)
	at org.testng.TestRunner.run(TestRunner.java:632)
	at org.testng.SuiteRunner.runTest(SuiteRunner.java:366)
	at org.testng.SuiteRunner.runSequentially(SuiteRunner.java:361)
	at org.testng.SuiteRunner.privateRun(SuiteRunner.java:319)
	at org.testng.SuiteRunner.run(SuiteRunner.java:268)
	at org.testng.SuiteRunnerWorker.runSuite(SuiteRunnerWorker.java:52)
	at org.testng.SuiteRunnerWorker.run(SuiteRunnerWorker.java:86)
	at org.testng.TestNG.runSuitesSequentially(TestNG.java:1244)
	at org.testng.TestNG.runSuitesLocally(TestNG.java:1169)
	at org.testng.TestNG.run(TestNG.java:1064)
	at org.testng.remote.AbstractRemoteTestNG.run(AbstractRemoteTestNG.java:115)
	at org.testng.remote.RemoteTestNG.initAndRun(RemoteTestNG.java:251)
	at org.testng.remote.RemoteTestNG.main(RemoteTestNG.java:77)
]]>
    </failure>
  </testcase> <!-- @BeforeClass beforeClass -->
  <testcase name="@BeforeMethod beforeMethod" time="0.0" classname="com.nopcommerce.others.Others_03_WishlistAndCompare">
    <skipped/>
  </testcase> <!-- @BeforeMethod beforeMethod -->
  <testcase name="TC_01_AddToWishlist" time="0.003" classname="com.nopcommerce.others.Others_03_WishlistAndCompare">
    <skipped/>
  </testcase> <!-- TC_01_AddToWishlist -->
  <testcase name="TC_02_AddProductToCartFromWishlistPage" time="0.0" classname="com.nopcommerce.others.Others_03_WishlistAndCompare">
    <skipped/>
  </testcase> <!-- TC_02_AddProductToCartFromWishlistPage -->
  <testcase name="TC_03_RemoveProductInWishlistPage" time="0.0" classname="com.nopcommerce.others.Others_03_WishlistAndCompare">
    <skipped/>
  </testcase> <!-- TC_03_RemoveProductInWishlistPage -->
  <testcase name="TC_04_AddProductToCompareAndClearList" time="0.0" classname="com.nopcommerce.others.Others_03_WishlistAndCompare">
    <skipped/>
  </testcase> <!-- TC_04_AddProductToCompareAndClearList -->
  <testcase name="TC_05_RecentlyViewedProducts" time="0.0" classname="com.nopcommerce.others.Others_03_WishlistAndCompare">
    <skipped/>
  </testcase> <!-- TC_05_RecentlyViewedProducts -->
  <testcase name="TC_06_AddProductToCompareAndRemove" time="0.0" classname="com.nopcommerce.others.Others_03_WishlistAndCompare">
    <skipped/>
  </testcase> <!-- TC_06_AddProductToCompareAndRemove -->
</testsuite> <!-- Default test -->
