<?xml version="1.0" encoding="UTF-8"?>
<testsuite name="Run on CHROME"
           tests="6"
           failures="0"
           errors="0"
           skipped="0"
           time="8.361">
  <properties />
  
  
            <testcase name="TC_06_LoginToTheSystem" time="2.249" classname="com.nopcommerce.login.Login_02_Login" />
                <testcase name="TC_04_LoginWithEmptyPass" time="1.842" classname="com.nopcommerce.login.Login_02_Login" />
                <testcase name="TC_05_LoginWithWrongPass" time="1.122" classname="com.nopcommerce.login.Login_02_Login" />
                <testcase name="TC_02_LoginWithInvalidEmail" time="0.622" classname="com.nopcommerce.login.Login_02_Login" />
                <testcase name="TC_01_LoginWithEmptyData" time="0.597" classname="com.nopcommerce.login.Login_02_Login" />
                <testcase name="TC_03_LoginWithIncorrectEmail" time="1.929" classname="com.nopcommerce.login.Login_02_Login" />
      
</testsuite>
