<?xml version="1.0" encoding="UTF-8"?>
<testsuite name="Run on FIREFOX"
           tests="6"
           failures="0"
           errors="0"
           skipped="0"
           time="8.777">
    <properties/>


    <testcase name="TC_01_LoginWithEmptyData" time="0.608" classname="com.nopcommerce.login.Login_02_Login"/>
    <testcase name="TC_02_LoginWithInvalidEmail" time="0.646" classname="com.nopcommerce.login.Login_02_Login"/>
    <testcase name="TC_04_LoginWithEmptyPass" time="1.649" classname="com.nopcommerce.login.Login_02_Login"/>
    <testcase name="TC_05_LoginWithWrongPass" time="1.036" classname="com.nopcommerce.login.Login_02_Login"/>
    <testcase name="TC_03_LoginWithIncorrectEmail" time="1.016" classname="com.nopcommerce.login.Login_02_Login"/>
    <testcase name="TC_06_LoginToTheSystem" time="3.822" classname="com.nopcommerce.login.Login_02_Login"/>

</testsuite>
