<?xml version="1.0" encoding="UTF-8"?>
<testsuite name="Run on CHROME"
           tests="6"
           failures="0"
           errors="0"
           skipped="0"
           time="14.617">
  <properties />
  
  
            <testcase name="TC_05_RegisterWithInvalidConfirmPass" time="1.561" classname="com.nopcommerce.login.Login_01_Register" />
                <testcase name="TC_02_RegisterWithInvalidEmail" time="1.887" classname="com.nopcommerce.login.Login_01_Register" />
                <testcase name="TC_06_RegisterToSystem" time="4.408" classname="com.nopcommerce.login.Login_01_Register" />
                <testcase name="TC_04_RegisterWithInvalidPass" time="1.694" classname="com.nopcommerce.login.Login_01_Register" />
                <testcase name="TC_01_RegisterWithEmptyData" time="1.937" classname="com.nopcommerce.login.Login_01_Register" />
                <testcase name="TC_03_RegisterWithExistEmail" time="3.130" classname="com.nopcommerce.login.Login_01_Register" />
      
</testsuite>
