<?xml version="1.0" encoding="UTF-8"?>
<testng-results total="5" passed="5" failed="0" skipped="0">
  <reporter-output>
    <line>
      <![CDATA[2020-12-21 21:02:49,283 INFO  com.aspire.registration.Registration_01_Registration - TC_01_RegisterToSystem - Step 01: Click to 'Register' link
]]>
    </line>
    <line>
      <![CDATA[2020-12-21 21:02:50,096 INFO  com.aspire.registration.Registration_01_Registration - TC_01_RegisterToSystem - Step 02: Input / Select required fields
]]>
    </line>
    <line>
      <![CDATA[2020-12-21 21:02:59,029 INFO  com.aspire.registration.Registration_01_Registration - TC_01_RegisterToSystem - Step 03: Click to 'Continue' button
]]>
    </line>
    <line>
      <![CDATA[2020-12-21 21:03:00,212 INFO  com.aspire.registration.Registration_01_Registration - TC_01_RegisterToSystem - Step 04: Verify 'Verification OTP' informaiton displays
]]>
    </line>
    <line>
      <![CDATA[2020-12-21 21:03:05,141 INFO  com.aspire.registration.Registration_01_Registration -  -------------------------- PASSED -------------------------- 
]]>
    </line>
    <line>
      <![CDATA[2020-12-21 21:03:05,154 INFO  com.aspire.registration.Registration_01_Registration - TC_02_MobileVerificationOTP - Step 01: Input OTP code
]]>
    </line>
    <line>
      <![CDATA[2020-12-21 21:03:07,338 INFO  com.aspire.registration.Registration_01_Registration - TC_02_MobileVerificationOTP - Step 02: Verify Success Message displays
]]>
    </line>
    <line>
      <![CDATA[2020-12-21 21:03:10,635 INFO  com.aspire.registration.Registration_01_Registration -  -------------------------- PASSED -------------------------- 
]]>
    </line>
    <line>
      <![CDATA[2020-12-21 21:03:10,636 INFO  com.aspire.registration.Registration_01_Registration - TC_02_MobileVerificationOTP - Step 03: Click to 'Continue' button
]]>
    </line>
    <line>
      <![CDATA[2020-12-21 21:03:11,807 INFO  com.aspire.registration.Registration_01_Registration - TC_03_PersonnalDetailsRegistration - Step 01: Click to 'Continue' button
]]>
    </line>
    <line>
      <![CDATA[2020-12-21 21:03:14,695 INFO  com.aspire.registration.Registration_01_Registration - TC_03_PersonnalDetailsRegistration - Step 02: Click to 'Get Started' button
]]>
    </line>
    <line>
      <![CDATA[2020-12-21 21:03:19,303 INFO  com.aspire.registration.Registration_01_Registration - TC_03_PersonnalDetailsRegistration - Step 03: Verify 'Personal Details' displays
]]>
    </line>
    <line>
      <![CDATA[2020-12-21 21:03:19,425 INFO  com.aspire.registration.Registration_01_Registration -  -------------------------- PASSED -------------------------- 
]]>
    </line>
    <line>
      <![CDATA[2020-12-21 21:03:19,425 INFO  com.aspire.registration.Registration_01_Registration - TC_03_PersonnalDetailsRegistration - Step 04: Click to 'Get Started' button
]]>
    </line>
    <line>
      <![CDATA[2020-12-21 21:03:20,678 INFO  com.aspire.registration.Registration_01_Registration - TC_03_PersonnalDetailsRegistration - Step 05: Verify Personal information displays
]]>
    </line>
    <line>
      <![CDATA[2020-12-21 21:03:20,817 INFO  com.aspire.registration.Registration_01_Registration -  -------------------------- PASSED -------------------------- 
]]>
    </line>
    <line>
      <![CDATA[2020-12-21 21:03:21,336 INFO  com.aspire.registration.Registration_01_Registration -  -------------------------- PASSED -------------------------- 
]]>
    </line>
    <line>
      <![CDATA[2020-12-21 21:03:21,420 INFO  com.aspire.registration.Registration_01_Registration -  -------------------------- PASSED -------------------------- 
]]>
    </line>
    <line>
      <![CDATA[2020-12-21 21:03:21,423 INFO  com.aspire.registration.Registration_01_Registration - TC_03_PersonnalDetailsRegistration - Step 06: Select Date of Birth
]]>
    </line>
    <line>
      <![CDATA[2020-12-21 21:03:46,137 INFO  com.aspire.registration.Registration_01_Registration - TC_03_PersonnalDetailsRegistration - Step 07: Select 'Nationality' option
]]>
    </line>
    <line>
      <![CDATA[2020-12-21 21:03:49,008 INFO  com.aspire.registration.Registration_01_Registration - TC_03_PersonnalDetailsRegistration - Step 08: Select 'Gender' option
]]>
    </line>
    <line>
      <![CDATA[2020-12-21 21:03:51,428 INFO  com.aspire.registration.Registration_01_Registration - TC_03_PersonnalDetailsRegistration - Step 09: Select interested Products
]]>
    </line>
    <line>
      <![CDATA[2020-12-21 21:03:54,278 INFO  com.aspire.registration.Registration_01_Registration - TC_03_PersonnalDetailsRegistration - Step 10: Click 'Submit' button
]]>
    </line>
    <line>
      <![CDATA[2020-12-21 21:03:55,551 INFO  com.aspire.registration.Registration_01_Registration - TC_03_PersonnalDetailsRegistration - Step 11: Verify 'Verification OTP' informaiton displays
]]>
    </line>
    <line>
      <![CDATA[2020-12-21 21:03:58,928 INFO  com.aspire.registration.Registration_01_Registration -  -------------------------- PASSED -------------------------- 
]]>
    </line>
    <line>
      <![CDATA[2020-12-21 21:03:59,028 INFO  com.aspire.registration.Registration_01_Registration -  -------------------------- PASSED -------------------------- 
]]>
    </line>
    <line>
      <![CDATA[2020-12-21 21:03:59,032 INFO  com.aspire.registration.Registration_01_Registration - TC_04_EmailVerificationOTP - Step 01: Input OTP code
]]>
    </line>
    <line>
      <![CDATA[2020-12-21 21:04:01,191 INFO  com.aspire.registration.Registration_01_Registration - TC_04_EmailVerificationOTP - Step 02: Verify 'Business Details' displays
]]>
    </line>
    <line>
      <![CDATA[2020-12-21 21:04:04,460 INFO  com.aspire.registration.Registration_01_Registration -  -------------------------- PASSED -------------------------- 
]]>
    </line>
    <line>
      <![CDATA[2020-12-21 21:04:04,463 INFO  com.aspire.registration.Registration_01_Registration - TC_05_BusinessDetailsRegistration - Step 01: Click to 'Get Started' button
]]>
    </line>
    <line>
      <![CDATA[2020-12-21 21:04:05,679 INFO  com.aspire.registration.Registration_01_Registration - TC_05_BusinessDetailsRegistration - Step 02: Input / Select required fields
]]>
    </line>
    <line>
      <![CDATA[2020-12-21 21:04:13,888 INFO  com.aspire.registration.Registration_01_Registration - TC_05_BusinessDetailsRegistration - Step 03: Click 'Submit' button
]]>
    </line>
    <line>
      <![CDATA[2020-12-21 21:04:15,182 INFO  com.aspire.registration.Registration_01_Registration - TC_05_BusinessDetailsRegistration - Step 04: Verify 'Identity Verification' displays 
]]>
    </line>
    <line>
      <![CDATA[2020-12-21 21:04:37,201 INFO  com.aspire.registration.Registration_01_Registration -  -------------------------- PASSED -------------------------- 
]]>
    </line>
    <line>
      <![CDATA[2020-12-21 21:04:38,284 INFO  com.aspire.registration.Registration_01_Registration -  -------------------------- PASSED -------------------------- 
]]>
    </line>
    <line>
      <![CDATA[2020-12-21 21:04:38,288 INFO  com.aspire.registration.Registration_01_Registration - OS Name = windows 10
]]>
    </line>
    <line>
      <![CDATA[2020-12-21 21:04:39,452 INFO  com.aspire.registration.Registration_01_Registration - ---------------------- QUIT BROWSER SUCCESS ----------------------
]]>
    </line>
  </reporter-output>
  <suite started-at="2020-12-21T14:02:39Z" name="ASPIRE" finished-at="2020-12-21T14:04:39Z" duration-ms="120373">
    <groups>
    </groups>
    <test started-at="2020-12-21T14:02:39Z" name="Run on CHROME" finished-at="2020-12-21T14:04:39Z" duration-ms="120373">
      <class name="com.aspire.registration.Registration_01_Registration">
        <test-method is-config="true" signature="beforeClass(java.lang.String)[pri:0, instance:com.aspire.registration.Registration_01_Registration@5965d37]" started-at="2020-12-21T21:02:39Z" name="beforeClass" finished-at="2020-12-21T21:02:49Z" duration-ms="10150" status="PASS">
          <params>
            <param index="0">
              <value>
                <![CDATA[chrome]]>
              </value>
            </param>
          </params>
          <reporter-output>
          </reporter-output>
        </test-method> <!-- beforeClass -->
        <test-method signature="TC_01_RegisterToSystem()[pri:0, instance:com.aspire.registration.Registration_01_Registration@5965d37]" started-at="2020-12-21T21:02:49Z" name="TC_01_RegisterToSystem" finished-at="2020-12-21T21:03:05Z" duration-ms="15900" status="PASS">
          <reporter-output>
            <line>
              <![CDATA[2020-12-21 21:02:49,283 INFO  com.aspire.registration.Registration_01_Registration - TC_01_RegisterToSystem - Step 01: Click to 'Register' link
]]>
            </line>
            <line>
              <![CDATA[2020-12-21 21:02:50,096 INFO  com.aspire.registration.Registration_01_Registration - TC_01_RegisterToSystem - Step 02: Input / Select required fields
]]>
            </line>
            <line>
              <![CDATA[2020-12-21 21:02:59,029 INFO  com.aspire.registration.Registration_01_Registration - TC_01_RegisterToSystem - Step 03: Click to 'Continue' button
]]>
            </line>
            <line>
              <![CDATA[2020-12-21 21:03:00,212 INFO  com.aspire.registration.Registration_01_Registration - TC_01_RegisterToSystem - Step 04: Verify 'Verification OTP' informaiton displays
]]>
            </line>
            <line>
              <![CDATA[2020-12-21 21:03:05,141 INFO  com.aspire.registration.Registration_01_Registration -  -------------------------- PASSED -------------------------- 
]]>
            </line>
          </reporter-output>
        </test-method> <!-- TC_01_RegisterToSystem -->
        <test-method signature="TC_02_MobileVerificationOTP()[pri:0, instance:com.aspire.registration.Registration_01_Registration@5965d37]" started-at="2020-12-21T21:03:05Z" name="TC_02_MobileVerificationOTP" finished-at="2020-12-21T21:03:11Z" depends-on-methods="com.aspire.registration.Registration_01_Registration.TC_01_RegisterToSystem" duration-ms="6649" status="PASS">
          <reporter-output>
            <line>
              <![CDATA[2020-12-21 21:03:05,154 INFO  com.aspire.registration.Registration_01_Registration - TC_02_MobileVerificationOTP - Step 01: Input OTP code
]]>
            </line>
            <line>
              <![CDATA[2020-12-21 21:03:07,338 INFO  com.aspire.registration.Registration_01_Registration - TC_02_MobileVerificationOTP - Step 02: Verify Success Message displays
]]>
            </line>
            <line>
              <![CDATA[2020-12-21 21:03:10,635 INFO  com.aspire.registration.Registration_01_Registration -  -------------------------- PASSED -------------------------- 
]]>
            </line>
            <line>
              <![CDATA[2020-12-21 21:03:10,636 INFO  com.aspire.registration.Registration_01_Registration - TC_02_MobileVerificationOTP - Step 03: Click to 'Continue' button
]]>
            </line>
          </reporter-output>
        </test-method> <!-- TC_02_MobileVerificationOTP -->
        <test-method signature="TC_03_PersonnalDetailsRegistration()[pri:0, instance:com.aspire.registration.Registration_01_Registration@5965d37]" started-at="2020-12-21T21:03:11Z" name="TC_03_PersonnalDetailsRegistration" finished-at="2020-12-21T21:03:59Z" depends-on-methods="com.aspire.registration.Registration_01_Registration.TC_02_MobileVerificationOTP" duration-ms="47223" status="PASS">
          <reporter-output>
            <line>
              <![CDATA[2020-12-21 21:03:11,807 INFO  com.aspire.registration.Registration_01_Registration - TC_03_PersonnalDetailsRegistration - Step 01: Click to 'Continue' button
]]>
            </line>
            <line>
              <![CDATA[2020-12-21 21:03:14,695 INFO  com.aspire.registration.Registration_01_Registration - TC_03_PersonnalDetailsRegistration - Step 02: Click to 'Get Started' button
]]>
            </line>
            <line>
              <![CDATA[2020-12-21 21:03:19,303 INFO  com.aspire.registration.Registration_01_Registration - TC_03_PersonnalDetailsRegistration - Step 03: Verify 'Personal Details' displays
]]>
            </line>
            <line>
              <![CDATA[2020-12-21 21:03:19,425 INFO  com.aspire.registration.Registration_01_Registration -  -------------------------- PASSED -------------------------- 
]]>
            </line>
            <line>
              <![CDATA[2020-12-21 21:03:19,425 INFO  com.aspire.registration.Registration_01_Registration - TC_03_PersonnalDetailsRegistration - Step 04: Click to 'Get Started' button
]]>
            </line>
            <line>
              <![CDATA[2020-12-21 21:03:20,678 INFO  com.aspire.registration.Registration_01_Registration - TC_03_PersonnalDetailsRegistration - Step 05: Verify Personal information displays
]]>
            </line>
            <line>
              <![CDATA[2020-12-21 21:03:20,817 INFO  com.aspire.registration.Registration_01_Registration -  -------------------------- PASSED -------------------------- 
]]>
            </line>
            <line>
              <![CDATA[2020-12-21 21:03:21,336 INFO  com.aspire.registration.Registration_01_Registration -  -------------------------- PASSED -------------------------- 
]]>
            </line>
            <line>
              <![CDATA[2020-12-21 21:03:21,420 INFO  com.aspire.registration.Registration_01_Registration -  -------------------------- PASSED -------------------------- 
]]>
            </line>
            <line>
              <![CDATA[2020-12-21 21:03:21,423 INFO  com.aspire.registration.Registration_01_Registration - TC_03_PersonnalDetailsRegistration - Step 06: Select Date of Birth
]]>
            </line>
            <line>
              <![CDATA[2020-12-21 21:03:46,137 INFO  com.aspire.registration.Registration_01_Registration - TC_03_PersonnalDetailsRegistration - Step 07: Select 'Nationality' option
]]>
            </line>
            <line>
              <![CDATA[2020-12-21 21:03:49,008 INFO  com.aspire.registration.Registration_01_Registration - TC_03_PersonnalDetailsRegistration - Step 08: Select 'Gender' option
]]>
            </line>
            <line>
              <![CDATA[2020-12-21 21:03:51,428 INFO  com.aspire.registration.Registration_01_Registration - TC_03_PersonnalDetailsRegistration - Step 09: Select interested Products
]]>
            </line>
            <line>
              <![CDATA[2020-12-21 21:03:54,278 INFO  com.aspire.registration.Registration_01_Registration - TC_03_PersonnalDetailsRegistration - Step 10: Click 'Submit' button
]]>
            </line>
            <line>
              <![CDATA[2020-12-21 21:03:55,551 INFO  com.aspire.registration.Registration_01_Registration - TC_03_PersonnalDetailsRegistration - Step 11: Verify 'Verification OTP' informaiton displays
]]>
            </line>
            <line>
              <![CDATA[2020-12-21 21:03:58,928 INFO  com.aspire.registration.Registration_01_Registration -  -------------------------- PASSED -------------------------- 
]]>
            </line>
            <line>
              <![CDATA[2020-12-21 21:03:59,028 INFO  com.aspire.registration.Registration_01_Registration -  -------------------------- PASSED -------------------------- 
]]>
            </line>
          </reporter-output>
        </test-method> <!-- TC_03_PersonnalDetailsRegistration -->
        <test-method signature="TC_04_EmailVerificationOTP()[pri:0, instance:com.aspire.registration.Registration_01_Registration@5965d37]" started-at="2020-12-21T21:03:59Z" name="TC_04_EmailVerificationOTP" finished-at="2020-12-21T21:04:04Z" depends-on-methods="com.aspire.registration.Registration_01_Registration.TC_03_PersonnalDetailsRegistration" duration-ms="5430" status="PASS">
          <reporter-output>
            <line>
              <![CDATA[2020-12-21 21:03:59,032 INFO  com.aspire.registration.Registration_01_Registration - TC_04_EmailVerificationOTP - Step 01: Input OTP code
]]>
            </line>
            <line>
              <![CDATA[2020-12-21 21:04:01,191 INFO  com.aspire.registration.Registration_01_Registration - TC_04_EmailVerificationOTP - Step 02: Verify 'Business Details' displays
]]>
            </line>
            <line>
              <![CDATA[2020-12-21 21:04:04,460 INFO  com.aspire.registration.Registration_01_Registration -  -------------------------- PASSED -------------------------- 
]]>
            </line>
          </reporter-output>
        </test-method> <!-- TC_04_EmailVerificationOTP -->
        <test-method signature="TC_05_BusinessDetailsRegistration()[pri:0, instance:com.aspire.registration.Registration_01_Registration@5965d37]" started-at="2020-12-21T21:04:04Z" name="TC_05_BusinessDetailsRegistration" finished-at="2020-12-21T21:04:38Z" depends-on-methods="com.aspire.registration.Registration_01_Registration.TC_04_EmailVerificationOTP" duration-ms="33824" status="PASS">
          <reporter-output>
            <line>
              <![CDATA[2020-12-21 21:04:04,463 INFO  com.aspire.registration.Registration_01_Registration - TC_05_BusinessDetailsRegistration - Step 01: Click to 'Get Started' button
]]>
            </line>
            <line>
              <![CDATA[2020-12-21 21:04:05,679 INFO  com.aspire.registration.Registration_01_Registration - TC_05_BusinessDetailsRegistration - Step 02: Input / Select required fields
]]>
            </line>
            <line>
              <![CDATA[2020-12-21 21:04:13,888 INFO  com.aspire.registration.Registration_01_Registration - TC_05_BusinessDetailsRegistration - Step 03: Click 'Submit' button
]]>
            </line>
            <line>
              <![CDATA[2020-12-21 21:04:15,182 INFO  com.aspire.registration.Registration_01_Registration - TC_05_BusinessDetailsRegistration - Step 04: Verify 'Identity Verification' displays 
]]>
            </line>
            <line>
              <![CDATA[2020-12-21 21:04:37,201 INFO  com.aspire.registration.Registration_01_Registration -  -------------------------- PASSED -------------------------- 
]]>
            </line>
            <line>
              <![CDATA[2020-12-21 21:04:38,284 INFO  com.aspire.registration.Registration_01_Registration -  -------------------------- PASSED -------------------------- 
]]>
            </line>
          </reporter-output>
        </test-method> <!-- TC_05_BusinessDetailsRegistration -->
        <test-method is-config="true" signature="afterClass()[pri:0, instance:com.aspire.registration.Registration_01_Registration@5965d37]" started-at="2020-12-21T21:04:38Z" name="afterClass" finished-at="2020-12-21T21:04:39Z" duration-ms="1165" status="PASS">
          <reporter-output>
            <line>
              <![CDATA[2020-12-21 21:04:38,288 INFO  com.aspire.registration.Registration_01_Registration - OS Name = windows 10
]]>
            </line>
            <line>
              <![CDATA[2020-12-21 21:04:39,452 INFO  com.aspire.registration.Registration_01_Registration - ---------------------- QUIT BROWSER SUCCESS ----------------------
]]>
            </line>
          </reporter-output>
        </test-method> <!-- afterClass -->
      </class> <!-- com.aspire.registration.Registration_01_Registration -->
    </test> <!-- Run on CHROME -->
  </suite> <!-- ASPIRE -->
</testng-results>
